<?xml version="1.0" encoding="UTF-8"?>
<testng-results skipped="0" failed="0" ignored="0" total="1" passed="1">
  <reporter-output>
  </reporter-output>
  <suite name="Default suite" duration-ms="6026" started-at="2020-07-28T20:30:03Z" finished-at="2020-07-28T20:30:09Z">
    <groups>
      <group name="cucumber">
        <method signature="AbstractTestNGCucumberTests.feature(cucumber.api.testng.CucumberFeatureWrapper)[pri:0, instance:com.careerhack.testrunner.TestRunner@146ba0ac]" name="feature" class="cucumber.api.testng.AbstractTestNGCucumberTests"/>
      </group> <!-- cucumber -->
    </groups>
    <test name="Default test" duration-ms="6026" started-at="2020-07-28T20:30:03Z" finished-at="2020-07-28T20:30:09Z">
      <class name="com.careerhack.testrunner.TestRunner">
        <test-method status="PASS" signature="setUpClass()[pri:0, instance:com.careerhack.testrunner.TestRunner@146ba0ac]" name="setUpClass" is-config="true" duration-ms="155" started-at="2020-07-28T20:30:03Z" finished-at="2020-07-28T20:30:03Z">
          <reporter-output>
          </reporter-output>
        </test-method> <!-- setUpClass -->
        <test-method status="PASS" signature="feature(cucumber.api.testng.CucumberFeatureWrapper)[pri:0, instance:com.careerhack.testrunner.TestRunner@146ba0ac]" name="feature" duration-ms="5798" started-at="2020-07-28T20:30:03Z" description="Runs Cucumber Feature" data-provider="features" finished-at="2020-07-28T20:30:09Z">
          <params>
            <param index="0">
              <value>
                <![CDATA[log in to MSN Weather]]>
              </value>
            </param>
          </params>
          <reporter-output>
          </reporter-output>
        </test-method> <!-- feature -->
        <test-method status="PASS" signature="tearDownClass()[pri:0, instance:com.careerhack.testrunner.TestRunner@146ba0ac]" name="tearDownClass" is-config="true" duration-ms="3" started-at="2020-07-28T20:30:09Z" finished-at="2020-07-28T20:30:09Z">
          <reporter-output>
          </reporter-output>
        </test-method> <!-- tearDownClass -->
      </class> <!-- com.careerhack.testrunner.TestRunner -->
    </test> <!-- Default test -->
  </suite> <!-- Default suite -->
</testng-results>
